[debug] [2023-10-09T06:48:39.946Z] ----------------------------------------------------------------------
[debug] [2023-10-09T06:48:39.949Z] Command:       C:\Program Files\nodejs\node.exe C:\Users\SIHAG\AppData\Roaming\npm\node_modules\firebase-tools\lib\bin\firebase.js init
[debug] [2023-10-09T06:48:39.949Z] CLI Version:   12.6.2
[debug] [2023-10-09T06:48:39.950Z] Platform:      win32
[debug] [2023-10-09T06:48:39.950Z] Node Version:  v18.16.1
[debug] [2023-10-09T06:48:39.952Z] Time:          Mon Oct 09 2023 12:18:39 GMT+0530 (India Standard Time)
[debug] [2023-10-09T06:48:39.952Z] ----------------------------------------------------------------------
[debug] 
[debug] [2023-10-09T06:48:40.076Z] > command requires scopes: ["email","openid","https://www.googleapis.com/auth/cloudplatformprojects.readonly","https://www.googleapis.com/auth/firebase","https://www.googleapis.com/auth/cloud-platform"]
[debug] [2023-10-09T06:48:40.077Z] > authorizing via signed-in user (msihag028@gmail.com)
[info] 
     ######## #### ########  ######## ########     ###     ######  ########
     ##        ##  ##     ## ##       ##     ##  ##   ##  ##       ##
     ######    ##  ########  ######   ########  #########  ######  ######
     ##        ##  ##    ##  ##       ##     ## ##     ##       ## ##
     ##       #### ##     ## ######## ########  ##     ##  ######  ########

You're about to initialize a Firebase project in this directory:

  C:\Users\SIHAG\OneDrive\Desktop\radhey

Before we get started, keep in mind:

  * You are initializing within an existing Firebase project directory

